1               1         32.0286         8.26584        -47.5634
1               2        -32.0500        -8.39459        -47.5710
1               7        -31.7743        -8.24614         47.2654
1             254         31.7876         8.27994         47.2730
2               7        -31.7743        -8.24614        -46.8014
2               8        -31.2658        -8.13284         46.5053
2             253         31.2625         8.12452         46.5034
2             254         31.7876         8.27994        -46.8033
3               8        -31.2658        -8.13284        -46.0378
3               9        -30.7470        -7.99330         45.7393
3             252         30.7478         7.99535         45.7398
3             253         31.2625         8.12452        -46.0373
4               9        -30.7470        -7.99330        -45.2727
4              10        -30.2308        -7.86022         44.9748
4             251         30.2305         7.85971         44.9747
4             252         30.7478         7.99535        -45.2728
5              10        -30.2308        -7.86022        -44.5079
5              11        -29.7139        -7.72554         44.2099
5             250         29.7139         7.72567         44.2099
5             251         30.2305         7.85971        -44.5079
6              11        -29.7139        -7.72554        -43.7431
6              12        -29.1972        -7.59126         43.4451
6             249         29.1971         7.59123         43.4451
6             250         29.7139         7.72567        -43.7431
7              12        -29.1972        -7.59126        -42.9783
7              13        -28.6804        -7.45689         42.6803
7             248         28.6803         7.45689         42.6803
7             249         29.1971         7.59123        -42.9783
8              13        -28.6804        -7.45689        -42.2135
8              14        -28.1636        -7.32253         41.9155
8             247         28.1635         7.32253         41.9155
8             248         28.6803         7.45689        -42.2135
9              14        -28.1636        -7.32253        -41.4487
9              15        -27.6469        -7.18817         41.1507
9             246         27.6468         7.18817         41.1507
9             247         28.1635         7.32253        -41.4487
10              15        -27.6469        -7.18817        -40.6839
10              16        -27.1301        -7.05381         40.3859
10             245         27.1300         7.05381         40.3859
10             246         27.6468         7.18817        -40.6839
11              16        -27.1301        -7.05381        -39.9191
11              17        -26.6133        -6.91946         39.6211
11             244         26.6133         6.91946         39.6211
11             245         27.1300         7.05381        -39.9191
12              17        -26.6133        -6.91946        -39.1543
12              18        -26.0966        -6.78510         38.8563
12             243         26.0965         6.78510         38.8563
12             244         26.6133         6.91946        -39.1543
13              18        -26.0966        -6.78510        -38.3895
13              19        -25.5798        -6.65074         38.0915
13             242         25.5797         6.65074         38.0915
13             243         26.0965         6.78510        -38.3895
14              19        -25.5798        -6.65074        -37.6246
14              20        -25.0630        -6.51638         37.3266
14             241         25.0630         6.51638         37.3267
14             242         25.5797         6.65074        -37.6247
15              20        -25.0630        -6.51638        -36.8598
15              21        -24.5463        -6.38202         36.5618
15             240         24.5462         6.38202         36.5618
15             241         25.0630         6.51638        -36.8598
16              21        -24.5463        -6.38202        -36.0950
16              22        -24.0295        -6.24766     233.404E-03
16             239         24.0294         6.24766     233.404E-03
16             240         24.5462         6.38202        -36.0950
17              22        -24.0295        -6.24766     233.404E-03
17              23        -23.5128        -6.11331     233.404E-03
17             238         23.5127         6.11331     233.404E-03
17             239         24.0294         6.24766     233.404E-03
18              23        -23.5128        -6.11331     233.404E-03
18              24        -22.9960        -5.97895     233.404E-03
18             237         22.9959         5.97895     233.402E-03
18             238         23.5127         6.11331     233.404E-03
19              24        -22.9960        -5.97895     233.404E-03
19              25        -22.4792        -5.84459     233.404E-03
19             236         22.4792         5.84459     233.404E-03
19             237         22.9959         5.97895     233.402E-03
20              25        -22.4792        -5.84459     233.404E-03
20              26        -21.9625        -5.71023     233.404E-03
20             235         21.9624         5.71023     233.406E-03
20             236         22.4792         5.84459     233.404E-03
21              26        -21.9625        -5.71023     233.404E-03
21              27        -21.4457        -5.57587     233.404E-03
21             234         21.4456         5.57587     233.403E-03
21             235         21.9624         5.71023     233.406E-03
22              27        -21.4457        -5.57587     233.404E-03
22              28        -20.9289        -5.44151     233.404E-03
22             233         20.9289         5.44151     233.402E-03
22             234         21.4456         5.57587     233.403E-03
23              28        -20.9289        -5.44151     233.404E-03
23              29        -20.4122        -5.30716     233.407E-03
23             232         20.4121         5.30716     233.408E-03
23             233         20.9289         5.44151     233.402E-03
24              29        -20.4122        -5.30716     233.407E-03
24              30        -19.8954        -5.17280     233.406E-03
24             231         19.8953         5.17280     233.407E-03
24             232         20.4121         5.30716     233.408E-03
25              30        -19.8954        -5.17280     233.406E-03
25              31        -19.3787        -5.03844     233.405E-03
25             230         19.3786         5.03844     233.405E-03
25             231         19.8953         5.17280     233.407E-03
26              31        -19.3787        -5.03844     233.405E-03
26              32        -18.8619        -4.90408     233.406E-03
26             229         18.8618         4.90408     233.407E-03
26             230         19.3786         5.03844     233.405E-03
27              32        -18.8619        -4.90408     233.406E-03
27              33        -18.3451        -4.76972     233.404E-03
27             228         18.3450         4.76972     233.403E-03
27             229         18.8618         4.90408     233.407E-03
28              33        -18.3451        -4.76972     233.404E-03
28              34        -17.8284        -4.63536     233.405E-03
28             227         17.8283         4.63536     233.405E-03
28             228         18.3450         4.76972     233.403E-03
29              34        -17.8284        -4.63536     233.405E-03
29              35        -17.3116        -4.50101     233.405E-03
29             226         17.3115         4.50101     233.406E-03
29             227         17.8283         4.63536     233.405E-03
30              35        -17.3116        -4.50101     233.405E-03
30              36        -16.7948        -4.36665     233.404E-03
30             225         16.7948         4.36665     233.404E-03
30             226         17.3115         4.50101     233.406E-03
31              36        -16.7948        -4.36665     233.404E-03
31              37        -16.2781        -4.23229     233.405E-03
31             224         16.2780         4.23229     233.406E-03
31             225         16.7948         4.36665     233.404E-03
32              37        -16.2781        -4.23229     233.405E-03
32              38        -15.7613        -4.09793     233.405E-03
32             223         15.7612         4.09793     233.406E-03
32             224         16.2780         4.23229     233.406E-03
33              38        -15.7613        -4.09793     233.405E-03
33              39        -15.2445        -3.96357     233.405E-03
33             222         15.2445         3.96357     233.404E-03
33             223         15.7612         4.09793     233.406E-03
34              39        -15.2445        -3.96357     233.405E-03
34              40        -14.7278        -3.82921     233.405E-03
34             221         14.7277         3.82921     233.404E-03
34             222         15.2445         3.96357     233.404E-03
35              40        -14.7278        -3.82921     233.405E-03
35              41        -14.2110        -3.69486     233.405E-03
35             220         14.2109         3.69485     233.404E-03
35             221         14.7277         3.82921     233.404E-03
36              41        -14.2110        -3.69486     233.405E-03
36              42        -13.6943        -3.56050     233.404E-03
36             219         13.6942         3.56050     233.404E-03
36             220         14.2109         3.69485     233.404E-03
37              42        -13.6943        -3.56050     233.404E-03
37              43        -13.1775        -3.42614     233.404E-03
37             218         13.1774         3.42614     233.404E-03
37             219         13.6942         3.56050     233.404E-03
38              43        -13.1775        -3.42614     233.404E-03
38              44        -12.6607        -3.29178     233.404E-03
38             217         12.6607         3.29178     233.404E-03
38             218         13.1774         3.42614     233.404E-03
39              44        -12.6607        -3.29178     233.404E-03
39              45        -12.1440        -3.15742     233.405E-03
39             216         12.1439         3.15742     233.406E-03
39             217         12.6607         3.29178     233.404E-03
40              45        -12.1440        -3.15742     233.405E-03
40              46        -11.6272        -3.02306     233.405E-03
40             215         11.6271         3.02306     233.406E-03
40             216         12.1439         3.15742     233.406E-03
41              46        -11.6272        -3.02306     233.405E-03
41              47        -11.1104        -2.88870     233.405E-03
41             214         11.1104         2.88870     233.406E-03
41             215         11.6271         3.02306     233.406E-03
42              47        -11.1104        -2.88870     233.405E-03
42              48        -10.5937        -2.75435     233.404E-03
42             213         10.5936         2.75435     233.404E-03
42             214         11.1104         2.88870     233.406E-03
43              48        -10.5937        -2.75435     233.404E-03
43              49        -10.0769        -2.61999     233.405E-03
43             212         10.0768         2.61999     233.405E-03
43             213         10.5936         2.75435     233.404E-03
44              49        -10.0769        -2.61999     233.405E-03
44              50        -9.56015        -2.48563     233.405E-03
44             211         9.56008         2.48563     233.405E-03
44             212         10.0768         2.61999     233.405E-03
45              50        -9.56015        -2.48563     233.405E-03
45              51        -9.04339        -2.35127     233.405E-03
45             210         9.04331         2.35127     233.405E-03
45             211         9.56008         2.48563     233.405E-03
46              51        -9.04339        -2.35127     233.405E-03
46              52        -8.52663        -2.21691     233.405E-03
46             209         8.52655         2.21691     233.405E-03
46             210         9.04331         2.35127     233.405E-03
47              52        -8.52663        -2.21691     233.405E-03
47              53        -8.00986        -2.08255     233.404E-03
47             208         8.00979         2.08255     233.404E-03
47             209         8.52655         2.21691     233.405E-03
48              53        -8.00986        -2.08255     233.404E-03
48              54        -7.49310        -1.94820     233.405E-03
48             207         7.49302         1.94820     233.405E-03
48             208         8.00979         2.08255     233.404E-03
49              54        -7.49310        -1.94820     233.405E-03
49              55        -6.97634        -1.81384     233.405E-03
49             206         6.97626         1.81384     233.404E-03
49             207         7.49302         1.94820     233.405E-03
50              55        -6.97634        -1.81384     233.405E-03
50              56        -6.45958        -1.67948     233.405E-03
50             205         6.45950         1.67948     233.404E-03
50             206         6.97626         1.81384     233.404E-03
51              56        -6.45958        -1.67948     233.405E-03
51              57        -5.94281        -1.54512     233.404E-03
51             204         5.94273         1.54512     233.404E-03
51             205         6.45950         1.67948     233.404E-03
52              57        -5.94281        -1.54512     233.404E-03
52              58        -5.42605        -1.41076     233.405E-03
52             203         5.42597         1.41076     233.404E-03
52             204         5.94273         1.54512     233.404E-03
53              58        -5.42605        -1.41076     233.405E-03
53              59        -4.90929        -1.27640     233.405E-03
53             202         4.90921         1.27640     233.405E-03
53             203         5.42597         1.41076     233.404E-03
54              59        -4.90929        -1.27640     233.405E-03
54              60        -4.39252        -1.14205     233.405E-03
54             201         4.39245         1.14205     233.405E-03
54             202         4.90921         1.27640     233.405E-03
55              60        -4.39252        -1.14205     233.405E-03
55              61        -3.87576        -1.00769     233.404E-03
55             200         3.87568         1.00769     233.404E-03
55             201         4.39245         1.14205     233.405E-03
56              61        -3.87576        -1.00769     233.404E-03
56              62        -3.35900    -873.329E-03     233.405E-03
56             199         3.35892     873.329E-03     233.405E-03
56             200         3.87568         1.00769     233.404E-03
57              62        -3.35900    -873.329E-03     233.405E-03
57              63        -2.84223    -738.971E-03     233.405E-03
57             198         2.84216     738.971E-03     233.405E-03
57             199         3.35892     873.329E-03     233.405E-03
58              63        -2.84223    -738.971E-03     233.405E-03
58              64        -2.32547    -604.612E-03     233.405E-03
58             197         2.32539     604.612E-03     233.405E-03
58             198         2.84216     738.971E-03     233.405E-03
59              64        -2.32547    -604.612E-03     233.405E-03
59              65        -1.80871    -470.254E-03     233.404E-03
59             196         1.80863     470.254E-03     233.404E-03
59             197         2.32539     604.612E-03     233.405E-03
60              65        -1.80871    -470.254E-03     233.404E-03
60              66        -1.29195    -335.896E-03     233.405E-03
60             195         1.29187     335.896E-03     233.405E-03
60             196         1.80863     470.254E-03     233.404E-03
61              66        -1.29195    -335.896E-03     233.405E-03
61              67    -775.183E-03    -201.537E-03     233.405E-03
61             194     775.105E-03     201.537E-03     233.405E-03
61             195         1.29187     335.896E-03     233.405E-03
62              67    -775.183E-03    -201.537E-03     233.405E-03
62              68    -258.420E-03    -67.1791E-03     233.405E-03
62             193     258.342E-03     67.1791E-03     233.405E-03
62             194     775.105E-03     201.537E-03     233.405E-03
63              68    -258.420E-03    -67.1791E-03     233.405E-03
63              69     258.343E-03     67.1793E-03     233.405E-03
63             192    -258.421E-03    -67.1793E-03     233.405E-03
63             193     258.342E-03     67.1791E-03     233.405E-03
64              69     258.343E-03     67.1793E-03     233.405E-03
64              70     775.106E-03     201.538E-03     233.405E-03
64             191    -775.184E-03    -201.538E-03     233.405E-03
64             192    -258.421E-03    -67.1793E-03     233.405E-03
65              70     775.106E-03     201.538E-03     233.405E-03
65              71         1.29187     335.896E-03     233.405E-03
65             190        -1.29195    -335.896E-03     233.405E-03
65             191    -775.184E-03    -201.538E-03     233.405E-03
66              71         1.29187     335.896E-03     233.405E-03
66              72         1.80863     470.254E-03     233.405E-03
66             189        -1.80871    -470.254E-03     233.405E-03
66             190        -1.29195    -335.896E-03     233.405E-03
67              72         1.80863     470.254E-03     233.405E-03
67              73         2.32540     604.613E-03     233.405E-03
67             188        -2.32547    -604.613E-03     233.405E-03
67             189        -1.80871    -470.254E-03     233.405E-03
68              73         2.32540     604.613E-03     233.405E-03
68              74         2.84216     738.971E-03     233.405E-03
68             187        -2.84224    -738.971E-03     233.405E-03
68             188        -2.32547    -604.613E-03     233.405E-03
69              74         2.84216     738.971E-03     233.405E-03
69              75         3.35892     873.330E-03     233.404E-03
69             186        -3.35900    -873.330E-03     233.404E-03
69             187        -2.84224    -738.971E-03     233.405E-03
70              75         3.35892     873.330E-03     233.404E-03
70              76         3.87568         1.00769     233.404E-03
70             185        -3.87576        -1.00769     233.404E-03
70             186        -3.35900    -873.330E-03     233.404E-03
71              76         3.87568         1.00769     233.404E-03
71              77         4.39245         1.14205     233.405E-03
71             184        -4.39252        -1.14205     233.404E-03
71             185        -3.87576        -1.00769     233.404E-03
72              77         4.39245         1.14205     233.405E-03
72              78         4.90921         1.27640     233.405E-03
72             183        -4.90929        -1.27640     233.404E-03
72             184        -4.39252        -1.14205     233.404E-03
73              78         4.90921         1.27640     233.405E-03
73              79         5.42597         1.41076     233.404E-03
73             182        -5.42605        -1.41076     233.405E-03
73             183        -4.90929        -1.27640     233.404E-03
74              79         5.42597         1.41076     233.404E-03
74              80         5.94274         1.54512     233.405E-03
74             181        -5.94281        -1.54512     233.405E-03
74             182        -5.42605        -1.41076     233.405E-03
75              80         5.94274         1.54512     233.405E-03
75              81         6.45950         1.67948     233.405E-03
75             180        -6.45958        -1.67948     233.405E-03
75             181        -5.94281        -1.54512     233.405E-03
76              81         6.45950         1.67948     233.405E-03
76              82         6.97626         1.81384     233.405E-03
76             179        -6.97634        -1.81384     233.405E-03
76             180        -6.45958        -1.67948     233.405E-03
77              82         6.97626         1.81384     233.405E-03
77              83         7.49302         1.94820     233.405E-03
77             178        -7.49310        -1.94820     233.405E-03
77             179        -6.97634        -1.81384     233.405E-03
78              83         7.49302         1.94820     233.405E-03
78              84         8.00979         2.08255     233.405E-03
78             177        -8.00986        -2.08255     233.405E-03
78             178        -7.49310        -1.94820     233.405E-03
79              84         8.00979         2.08255     233.405E-03
79              85         8.52655         2.21691     233.405E-03
79             176        -8.52663        -2.21691     233.405E-03
79             177        -8.00986        -2.08255     233.405E-03
80              85         8.52655         2.21691     233.405E-03
80              86         9.04331         2.35127     233.405E-03
80             175        -9.04339        -2.35127     233.405E-03
80             176        -8.52663        -2.21691     233.405E-03
81              86         9.04331         2.35127     233.405E-03
81              87         9.56008         2.48563     233.405E-03
81             174        -9.56015        -2.48563     233.405E-03
81             175        -9.04339        -2.35127     233.405E-03
82              87         9.56008         2.48563     233.405E-03
82              88         10.0768         2.61999     233.405E-03
82             173        -10.0769        -2.61999     233.405E-03
82             174        -9.56015        -2.48563     233.405E-03
83              88         10.0768         2.61999     233.405E-03
83              89         10.5936         2.75435     233.405E-03
83             172        -10.5937        -2.75435     233.404E-03
83             173        -10.0769        -2.61999     233.405E-03
84              89         10.5936         2.75435     233.405E-03
84              90         11.1104         2.88870     233.405E-03
84             171        -11.1104        -2.88870     233.404E-03
84             172        -10.5937        -2.75435     233.404E-03
85              90         11.1104         2.88870     233.405E-03
85              91         11.6271         3.02306     233.404E-03
85             170        -11.6272        -3.02306     233.404E-03
85             171        -11.1104        -2.88870     233.404E-03
86              91         11.6271         3.02306     233.404E-03
86              92         12.1439         3.15742     233.404E-03
86             169        -12.1440        -3.15742     233.404E-03
86             170        -11.6272        -3.02306     233.404E-03
87              92         12.1439         3.15742     233.404E-03
87              93         12.6607         3.29178     233.404E-03
87             168        -12.6607        -3.29178     233.405E-03
87             169        -12.1440        -3.15742     233.404E-03
88              93         12.6607         3.29178     233.404E-03
88              94         13.1774         3.42614     233.405E-03
88             167        -13.1775        -3.42614     233.405E-03
88             168        -12.6607        -3.29178     233.405E-03
89              94         13.1774         3.42614     233.405E-03
89              95         13.6942         3.56050     233.405E-03
89             166        -13.6943        -3.56050     233.405E-03
89             167        -13.1775        -3.42614     233.405E-03
90              95         13.6942         3.56050     233.405E-03
90              96         14.2109         3.69486     233.404E-03
90             165        -14.2110        -3.69486     233.404E-03
90             166        -13.6943        -3.56050     233.405E-03
91              96         14.2109         3.69486     233.404E-03
91              97         14.7277         3.82921     233.405E-03
91             164        -14.7278        -3.82921     233.404E-03
91             165        -14.2110        -3.69486     233.404E-03
92              97         14.7277         3.82921     233.405E-03
92              98         15.2445         3.96357     233.403E-03
92             163        -15.2445        -3.96357     233.404E-03
92             164        -14.7278        -3.82921     233.404E-03
93              98         15.2445         3.96357     233.403E-03
93              99         15.7612         4.09793     233.405E-03
93             162        -15.7613        -4.09793     233.404E-03
93             163        -15.2445        -3.96357     233.404E-03
94              99         15.7612         4.09793     233.405E-03
94             100         16.2780         4.23229     233.403E-03
94             161        -16.2781        -4.23229     233.404E-03
94             162        -15.7613        -4.09793     233.404E-03
95             100         16.2780         4.23229     233.403E-03
95             101         16.7948         4.36665     233.404E-03
95             160        -16.7948        -4.36665     233.404E-03
95             161        -16.2781        -4.23229     233.404E-03
96             101         16.7948         4.36665     233.404E-03
96             102         17.3115         4.50101     233.404E-03
96             159        -17.3116        -4.50101     233.404E-03
96             160        -16.7948        -4.36665     233.404E-03
97             102         17.3115         4.50101     233.404E-03
97             103         17.8283         4.63536     233.406E-03
97             158        -17.8284        -4.63536     233.402E-03
97             159        -17.3116        -4.50101     233.404E-03
98             103         17.8283         4.63536     233.406E-03
98             104         18.3450         4.76972     233.404E-03
98             157        -18.3451        -4.76972     233.404E-03
98             158        -17.8284        -4.63536     233.402E-03
99             104         18.3450         4.76972     233.404E-03
99             105         18.8618         4.90408     233.404E-03
99             156        -18.8619        -4.90408     233.405E-03
99             157        -18.3451        -4.76972     233.404E-03
100             105         18.8618         4.90408     233.404E-03
100             106         19.3786         5.03844     233.406E-03
100             155        -19.3787        -5.03844     233.407E-03
100             156        -18.8619        -4.90408     233.405E-03
101             106         19.3786         5.03844     233.406E-03
101             107         19.8953         5.17280     233.405E-03
101             154        -19.8954        -5.17280     233.405E-03
101             155        -19.3787        -5.03844     233.407E-03
102             107         19.8953         5.17280     233.405E-03
102             108         20.4121         5.30716     233.406E-03
102             153        -20.4122        -5.30716     233.405E-03
102             154        -19.8954        -5.17280     233.405E-03
103             108         20.4121         5.30716     233.406E-03
103             109         20.9289         5.44151     233.406E-03
103             152        -20.9289        -5.44151     233.405E-03
103             153        -20.4122        -5.30716     233.405E-03
104             109         20.9289         5.44151     233.406E-03
104             110         21.4456         5.57587     233.406E-03
104             151        -21.4457        -5.57587     233.405E-03
104             152        -20.9289        -5.44151     233.405E-03
105             110         21.4456         5.57587     233.406E-03
105             111         21.9624         5.71023     233.404E-03
105             150        -21.9625        -5.71023     233.402E-03
105             151        -21.4457        -5.57587     233.405E-03
106             111         21.9624         5.71023     233.404E-03
106             112         22.4792         5.84459     233.404E-03
106             149        -22.4792        -5.84459     233.402E-03
106             150        -21.9625        -5.71023     233.402E-03
107             112         22.4792         5.84459     233.404E-03
107             113         22.9959         5.97895     233.404E-03
107             148        -22.9960        -5.97895     233.404E-03
107             149        -22.4792        -5.84459     233.402E-03
108             113         22.9959         5.97895     233.404E-03
108             114         23.5127         6.11331     233.404E-03
108             147        -23.5128        -6.11331     233.404E-03
108             148        -22.9960        -5.97895     233.404E-03
109             114         23.5127         6.11331     233.404E-03
109             115         24.0294         6.24766     233.404E-03
109             146        -24.0295        -6.24766     233.404E-03
109             147        -23.5128        -6.11331     233.404E-03
110             115         24.0294         6.24766     233.404E-03
110             116         24.5462         6.38202        -36.0950
110             145        -24.5463        -6.38202        -36.0950
110             146        -24.0295        -6.24766     233.404E-03
111             116         24.5462         6.38202         36.5618
111             117         25.0630         6.51638        -36.8598
111             144        -25.0630        -6.51638        -36.8598
111             145        -24.5463        -6.38202         36.5618
112             117         25.0630         6.51638         37.3266
112             118         25.5797         6.65074        -37.6246
112             143        -25.5798        -6.65074        -37.6246
112             144        -25.0630        -6.51638         37.3266
113             118         25.5797         6.65074         38.0915
113             119         26.0965         6.78510        -38.3895
113             142        -26.0966        -6.78510        -38.3895
113             143        -25.5798        -6.65074         38.0915
114             119         26.0965         6.78510         38.8563
114             120         26.6133         6.91946        -39.1543
114             141        -26.6133        -6.91946        -39.1543
114             142        -26.0966        -6.78510         38.8563
115             120         26.6133         6.91946         39.6211
115             121         27.1300         7.05381        -39.9191
115             140        -27.1301        -7.05381        -39.9191
115             141        -26.6133        -6.91946         39.6211
116             121         27.1300         7.05381         40.3859
116             122         27.6468         7.18817        -40.6839
116             139        -27.6469        -7.18817        -40.6839
116             140        -27.1301        -7.05381         40.3859
117             122         27.6468         7.18817         41.1507
117             123         28.1635         7.32253        -41.4487
117             138        -28.1636        -7.32253        -41.4487
117             139        -27.6469        -7.18817         41.1507
118             123         28.1635         7.32253         41.9155
118             124         28.6803         7.45689        -42.2135
118             137        -28.6804        -7.45689        -42.2135
118             138        -28.1636        -7.32253         41.9155
119             124         28.6803         7.45689         42.6803
119             125         29.1971         7.59125        -42.9783
119             136        -29.1971        -7.59125        -42.9783
119             137        -28.6804        -7.45689         42.6803
120             125         29.1971         7.59125         43.4451
120             126         29.7138         7.72561        -43.7431
120             135        -29.7139        -7.72561        -43.7431
120             136        -29.1971        -7.59125         43.4451
121             126         29.7138         7.72561         44.2099
121             127         30.2306         7.85996        -44.5079
121             134        -30.2307        -7.85996        -44.5079
121             135        -29.7139        -7.72561         44.2099
122             127         30.2306         7.85996         44.9747
122             128         30.7474         7.99432        -45.2727
122             133        -30.7474        -7.99432        -45.2727
122             134        -30.2307        -7.85996         44.9747
123             128         30.7474         7.99432         45.7395
123             129         31.2641         8.12868        -46.0375
123             132        -31.2642        -8.12868        -46.0375
123             133        -30.7474        -7.99432         45.7396
124             129         31.2641         8.12868         46.5044
124             130         31.7809         8.26304        -46.8024
124             131        -31.7810        -8.26304        -46.8024
124             132        -31.2642        -8.12868         46.5044
125               3         32.0393         8.33021        -47.5672
125               4        -32.0393        -8.33023        -47.5672
125             130         31.7809         8.26304         47.2692
125             131        -31.7810        -8.26304         47.2692
126               1         32.0286         8.26584         47.5634
126               2        -32.0500        -8.39459         47.5710
126             255         31.7876         8.27994        -47.2730
126             502        -31.7743        -8.24614        -47.2654
127             255         31.7876         8.27994         46.8033
127             256         31.2625         8.12452        -46.5034
127             501        -31.2658        -8.13284        -46.5053
127             502        -31.7743        -8.24614         46.8014
128             256         31.2625         8.12452         46.0373
128             257         30.7478         7.99535        -45.7398
128             500        -30.7470        -7.99330        -45.7393
128             501        -31.2658        -8.13284         46.0378
129             257         30.7478         7.99535         45.2728
129             258         30.2305         7.85971        -44.9747
129             499        -30.2308        -7.86022        -44.9748
129             500        -30.7470        -7.99330         45.2727
130             258         30.2305         7.85971         44.5079
130             259         29.7139         7.72567        -44.2099
130             498        -29.7139        -7.72554        -44.2099
130             499        -30.2308        -7.86022         44.5079
131             259         29.7139         7.72567         43.7431
131             260         29.1971         7.59123        -43.4451
131             497        -29.1972        -7.59126        -43.4451
131             498        -29.7139        -7.72554         43.7431
132             260         29.1971         7.59123         42.9783
132             261         28.6803         7.45689        -42.6803
132             496        -28.6804        -7.45689        -42.6803
132             497        -29.1972        -7.59126         42.9783
133             261         28.6803         7.45689         42.2135
133             262         28.1635         7.32253        -41.9155
133             495        -28.1636        -7.32253        -41.9155
133             496        -28.6804        -7.45689         42.2135
134             262         28.1635         7.32253         41.4487
134             263         27.6468         7.18817        -41.1507
134             494        -27.6469        -7.18817        -41.1507
134             495        -28.1636        -7.32253         41.4487
135             263         27.6468         7.18817         40.6839
135             264         27.1300         7.05381        -40.3859
135             493        -27.1301        -7.05381        -40.3859
135             494        -27.6469        -7.18817         40.6839
136             264         27.1300         7.05381         39.9191
136             265         26.6133         6.91946        -39.6211
136             492        -26.6133        -6.91946        -39.6211
136             493        -27.1301        -7.05381         39.9191
137             265         26.6133         6.91946         39.1543
137             266         26.0965         6.78510        -38.8563
137             491        -26.0966        -6.78510        -38.8563
137             492        -26.6133        -6.91946         39.1543
138             266         26.0965         6.78510         38.3895
138             267         25.5797         6.65074        -38.0915
138             490        -25.5798        -6.65074        -38.0915
138             491        -26.0966        -6.78510         38.3895
139             267         25.5797         6.65074         37.6246
139             268         25.0630         6.51638        -37.3266
139             489        -25.0630        -6.51638        -37.3267
139             490        -25.5798        -6.65074         37.6247
140             268         25.0630         6.51638         36.8598
140             269         24.5462         6.38202        -36.5618
140             488        -24.5463        -6.38202        -36.5618
140             489        -25.0630        -6.51638         36.8598
141             269         24.5462         6.38202         36.0950
141             270         24.0294         6.24766    -233.404E-03
141             487        -24.0295        -6.24766    -233.404E-03
141             488        -24.5463        -6.38202         36.0950
142             270         24.0294         6.24766    -233.404E-03
142             271         23.5127         6.11331    -233.404E-03
142             486        -23.5128        -6.11331    -233.404E-03
142             487        -24.0295        -6.24766    -233.404E-03
143             271         23.5127         6.11331    -233.404E-03
143             272         22.9959         5.97895    -233.404E-03
143             485        -22.9960        -5.97895    -233.402E-03
143             486        -23.5128        -6.11331    -233.404E-03
144             272         22.9959         5.97895    -233.404E-03
144             273         22.4792         5.84459    -233.404E-03
144             484        -22.4792        -5.84459    -233.404E-03
144             485        -22.9960        -5.97895    -233.402E-03
145             273         22.4792         5.84459    -233.404E-03
145             274         21.9624         5.71023    -233.404E-03
145             483        -21.9625        -5.71023    -233.406E-03
145             484        -22.4792        -5.84459    -233.404E-03
146             274         21.9624         5.71023    -233.404E-03
146             275         21.4456         5.57587    -233.404E-03
146             482        -21.4457        -5.57587    -233.403E-03
146             483        -21.9625        -5.71023    -233.406E-03
147             275         21.4456         5.57587    -233.404E-03
147             276         20.9289         5.44151    -233.404E-03
147             481        -20.9289        -5.44151    -233.402E-03
147             482        -21.4457        -5.57587    -233.403E-03
148             276         20.9289         5.44151    -233.404E-03
148             277         20.4121         5.30716    -233.407E-03
148             480        -20.4122        -5.30716    -233.408E-03
148             481        -20.9289        -5.44151    -233.402E-03
149             277         20.4121         5.30716    -233.407E-03
149             278         19.8953         5.17280    -233.406E-03
149             479        -19.8954        -5.17280    -233.407E-03
149             480        -20.4122        -5.30716    -233.408E-03
150             278         19.8953         5.17280    -233.406E-03
150             279         19.3786         5.03844    -233.406E-03
150             478        -19.3787        -5.03844    -233.406E-03
150             479        -19.8954        -5.17280    -233.407E-03
151             279         19.3786         5.03844    -233.406E-03
151             280         18.8618         4.90408    -233.404E-03
151             477        -18.8619        -4.90408    -233.404E-03
151             478        -19.3787        -5.03844    -233.406E-03
152             280         18.8618         4.90408    -233.404E-03
152             281         18.3450         4.76972    -233.404E-03
152             476        -18.3451        -4.76972    -233.403E-03
152             477        -18.8619        -4.90408    -233.404E-03
153             281         18.3450         4.76972    -233.404E-03
153             282         17.8283         4.63536    -233.405E-03
153             475        -17.8284        -4.63536    -233.405E-03
153             476        -18.3451        -4.76972    -233.403E-03
154             282         17.8283         4.63536    -233.405E-03
154             283         17.3115         4.50101    -233.404E-03
154             474        -17.3116        -4.50101    -233.404E-03
154             475        -17.8284        -4.63536    -233.405E-03
155             283         17.3115         4.50101    -233.404E-03
155             284         16.7948         4.36665    -233.404E-03
155             473        -16.7948        -4.36665    -233.404E-03
155             474        -17.3116        -4.50101    -233.404E-03
156             284         16.7948         4.36665    -233.404E-03
156             285         16.2780         4.23229    -233.405E-03
156             472        -16.2781        -4.23229    -233.406E-03
156             473        -16.7948        -4.36665    -233.404E-03
157             285         16.2780         4.23229    -233.405E-03
157             286         15.7612         4.09793    -233.405E-03
157             471        -15.7613        -4.09793    -233.406E-03
157             472        -16.2781        -4.23229    -233.406E-03
158             286         15.7612         4.09793    -233.405E-03
158             287         15.2445         3.96357    -233.405E-03
158             470        -15.2445        -3.96357    -233.404E-03
158             471        -15.7613        -4.09793    -233.406E-03
159             287         15.2445         3.96357    -233.405E-03
159             288         14.7277         3.82921    -233.405E-03
159             469        -14.7278        -3.82921    -233.404E-03
159             470        -15.2445        -3.96357    -233.404E-03
160             288         14.7277         3.82921    -233.405E-03
160             289         14.2109         3.69486    -233.405E-03
160             468        -14.2110        -3.69485    -233.404E-03
160             469        -14.7278        -3.82921    -233.404E-03
161             289         14.2109         3.69486    -233.405E-03
161             290         13.6942         3.56050    -233.404E-03
161             467        -13.6943        -3.56050    -233.404E-03
161             468        -14.2110        -3.69485    -233.404E-03
162             290         13.6942         3.56050    -233.404E-03
162             291         13.1774         3.42614    -233.404E-03
162             466        -13.1775        -3.42614    -233.404E-03
162             467        -13.6943        -3.56050    -233.404E-03
163             291         13.1774         3.42614    -233.404E-03
163             292         12.6607         3.29178    -233.404E-03
163             465        -12.6607        -3.29178    -233.404E-03
163             466        -13.1775        -3.42614    -233.404E-03
164             292         12.6607         3.29178    -233.404E-03
164             293         12.1439         3.15742    -233.405E-03
164             464        -12.1440        -3.15742    -233.406E-03
164             465        -12.6607        -3.29178    -233.404E-03
165             293         12.1439         3.15742    -233.405E-03
165             294         11.6271         3.02306    -233.405E-03
165             463        -11.6272        -3.02306    -233.406E-03
165             464        -12.1440        -3.15742    -233.406E-03
166             294         11.6271         3.02306    -233.405E-03
166             295         11.1104         2.88870    -233.404E-03
166             462        -11.1104        -2.88870    -233.406E-03
166             463        -11.6272        -3.02306    -233.406E-03
167             295         11.1104         2.88870    -233.404E-03
167             296         10.5936         2.75435    -233.405E-03
167             461        -10.5937        -2.75435    -233.406E-03
167             462        -11.1104        -2.88870    -233.406E-03
168             296         10.5936         2.75435    -233.405E-03
168             297         10.0768         2.61999    -233.405E-03
168             460        -10.0769        -2.61999    -233.405E-03
168             461        -10.5937        -2.75435    -233.406E-03
169             297         10.0768         2.61999    -233.405E-03
169             298         9.56008         2.48563    -233.405E-03
169             459        -9.56015        -2.48563    -233.405E-03
169             460        -10.0769        -2.61999    -233.405E-03
170             298         9.56008         2.48563    -233.405E-03
170             299         9.04331         2.35127    -233.405E-03
170             458        -9.04339        -2.35127    -233.405E-03
170             459        -9.56015        -2.48563    -233.405E-03
171             299         9.04331         2.35127    -233.405E-03
171             300         8.52655         2.21691    -233.405E-03
171             457        -8.52663        -2.21691    -233.405E-03
171             458        -9.04339        -2.35127    -233.405E-03
172             300         8.52655         2.21691    -233.405E-03
172             301         8.00979         2.08255    -233.404E-03
172             456        -8.00986        -2.08255    -233.404E-03
172             457        -8.52663        -2.21691    -233.405E-03
173             301         8.00979         2.08255    -233.404E-03
173             302         7.49302         1.94820    -233.405E-03
173             455        -7.49310        -1.94820    -233.405E-03
173             456        -8.00986        -2.08255    -233.404E-03
174             302         7.49302         1.94820    -233.405E-03
174             303         6.97626         1.81384    -233.405E-03
174             454        -6.97634        -1.81384    -233.404E-03
174             455        -7.49310        -1.94820    -233.405E-03
175             303         6.97626         1.81384    -233.405E-03
175             304         6.45950         1.67948    -233.405E-03
175             453        -6.45958        -1.67948    -233.404E-03
175             454        -6.97634        -1.81384    -233.404E-03
176             304         6.45950         1.67948    -233.405E-03
176             305         5.94273         1.54512    -233.404E-03
176             452        -5.94281        -1.54512    -233.404E-03
176             453        -6.45958        -1.67948    -233.404E-03
177             305         5.94273         1.54512    -233.404E-03
177             306         5.42597         1.41076    -233.405E-03
177             451        -5.42605        -1.41076    -233.404E-03
177             452        -5.94281        -1.54512    -233.404E-03
178             306         5.42597         1.41076    -233.405E-03
178             307         4.90921         1.27640    -233.405E-03
178             450        -4.90929        -1.27640    -233.405E-03
178             451        -5.42605        -1.41076    -233.404E-03
179             307         4.90921         1.27640    -233.405E-03
179             308         4.39245         1.14205    -233.405E-03
179             449        -4.39252        -1.14205    -233.405E-03
179             450        -4.90929        -1.27640    -233.405E-03
180             308         4.39245         1.14205    -233.405E-03
180             309         3.87568         1.00769    -233.404E-03
180             448        -3.87576        -1.00769    -233.404E-03
180             449        -4.39252        -1.14205    -233.405E-03
181             309         3.87568         1.00769    -233.404E-03
181             310         3.35892     873.329E-03    -233.405E-03
181             447        -3.35900    -873.329E-03    -233.404E-03
181             448        -3.87576        -1.00769    -233.404E-03
182             310         3.35892     873.329E-03    -233.405E-03
182             311         2.84216     738.971E-03    -233.405E-03
182             446        -2.84223    -738.971E-03    -233.405E-03
182             447        -3.35900    -873.329E-03    -233.404E-03
183             311         2.84216     738.971E-03    -233.405E-03
183             312         2.32539     604.613E-03    -233.405E-03
183             445        -2.32547    -604.613E-03    -233.405E-03
183             446        -2.84223    -738.971E-03    -233.405E-03
184             312         2.32539     604.613E-03    -233.405E-03
184             313         1.80863     470.254E-03    -233.404E-03
184             444        -1.80871    -470.254E-03    -233.404E-03
184             445        -2.32547    -604.613E-03    -233.405E-03
185             313         1.80863     470.254E-03    -233.404E-03
185             314         1.29187     335.896E-03    -233.405E-03
185             443        -1.29195    -335.896E-03    -233.405E-03
185             444        -1.80871    -470.254E-03    -233.404E-03
186             314         1.29187     335.896E-03    -233.405E-03
186             315     775.105E-03     201.537E-03    -233.405E-03
186             442    -775.183E-03    -201.537E-03    -233.405E-03
186             443        -1.29195    -335.896E-03    -233.405E-03
187             315     775.105E-03     201.537E-03    -233.405E-03
187             316     258.342E-03     67.1791E-03    -233.405E-03
187             441    -258.420E-03    -67.1791E-03    -233.405E-03
187             442    -775.183E-03    -201.537E-03    -233.405E-03
188             316     258.342E-03     67.1791E-03    -233.405E-03
188             317    -258.421E-03    -67.1793E-03    -233.405E-03
188             440     258.343E-03     67.1793E-03    -233.405E-03
188             441    -258.420E-03    -67.1791E-03    -233.405E-03
189             317    -258.421E-03    -67.1793E-03    -233.405E-03
189             318    -775.184E-03    -201.538E-03    -233.405E-03
189             439     775.106E-03     201.538E-03    -233.405E-03
189             440     258.343E-03     67.1793E-03    -233.405E-03
190             318    -775.184E-03    -201.538E-03    -233.405E-03
190             319        -1.29195    -335.896E-03    -233.405E-03
190             438         1.29187     335.896E-03    -233.405E-03
190             439     775.106E-03     201.538E-03    -233.405E-03
191             319        -1.29195    -335.896E-03    -233.405E-03
191             320        -1.80871    -470.254E-03    -233.405E-03
191             437         1.80863     470.254E-03    -233.405E-03
191             438         1.29187     335.896E-03    -233.405E-03
192             320        -1.80871    -470.254E-03    -233.405E-03
192             321        -2.32547    -604.613E-03    -233.405E-03
192             436         2.32540     604.613E-03    -233.405E-03
192             437         1.80863     470.254E-03    -233.405E-03
193             321        -2.32547    -604.613E-03    -233.405E-03
193             322        -2.84224    -738.971E-03    -233.405E-03
193             435         2.84216     738.971E-03    -233.405E-03
193             436         2.32540     604.613E-03    -233.405E-03
194             322        -2.84224    -738.971E-03    -233.405E-03
194             323        -3.35900    -873.330E-03    -233.404E-03
194             434         3.35892     873.330E-03    -233.404E-03
194             435         2.84216     738.971E-03    -233.405E-03
195             323        -3.35900    -873.330E-03    -233.404E-03
195             324        -3.87576        -1.00769    -233.404E-03
195             433         3.87568         1.00769    -233.404E-03
195             434         3.35892     873.330E-03    -233.404E-03
196             324        -3.87576        -1.00769    -233.404E-03
196             325        -4.39252        -1.14205    -233.405E-03
196             432         4.39245         1.14205    -233.404E-03
196             433         3.87568         1.00769    -233.404E-03
197             325        -4.39252        -1.14205    -233.405E-03
197             326        -4.90929        -1.27640    -233.405E-03
197             431         4.90921         1.27640    -233.404E-03
197             432         4.39245         1.14205    -233.404E-03
198             326        -4.90929        -1.27640    -233.405E-03
198             327        -5.42605        -1.41076    -233.404E-03
198             430         5.42597         1.41076    -233.405E-03
198             431         4.90921         1.27640    -233.404E-03
199             327        -5.42605        -1.41076    -233.404E-03
199             328        -5.94281        -1.54512    -233.405E-03
199             429         5.94274         1.54512    -233.405E-03
199             430         5.42597         1.41076    -233.405E-03
200             328        -5.94281        -1.54512    -233.405E-03
200             329        -6.45958        -1.67948    -233.405E-03
200             428         6.45950         1.67948    -233.405E-03
200             429         5.94274         1.54512    -233.405E-03
201             329        -6.45958        -1.67948    -233.405E-03
201             330        -6.97634        -1.81384    -233.405E-03
201             427         6.97626         1.81384    -233.405E-03
201             428         6.45950         1.67948    -233.405E-03
202             330        -6.97634        -1.81384    -233.405E-03
202             331        -7.49310        -1.94820    -233.405E-03
202             426         7.49302         1.94820    -233.405E-03
202             427         6.97626         1.81384    -233.405E-03
203             331        -7.49310        -1.94820    -233.405E-03
203             332        -8.00986        -2.08255    -233.405E-03
203             425         8.00979         2.08255    -233.405E-03
203             426         7.49302         1.94820    -233.405E-03
204             332        -8.00986        -2.08255    -233.405E-03
204             333        -8.52663        -2.21691    -233.405E-03
204             424         8.52655         2.21691    -233.405E-03
204             425         8.00979         2.08255    -233.405E-03
205             333        -8.52663        -2.21691    -233.405E-03
205             334        -9.04339        -2.35127    -233.405E-03
205             423         9.04331         2.35127    -233.405E-03
205             424         8.52655         2.21691    -233.405E-03
206             334        -9.04339        -2.35127    -233.405E-03
206             335        -9.56015        -2.48563    -233.405E-03
206             422         9.56008         2.48563    -233.405E-03
206             423         9.04331         2.35127    -233.405E-03
207             335        -9.56015        -2.48563    -233.405E-03
207             336        -10.0769        -2.61999    -233.405E-03
207             421         10.0768         2.61999    -233.405E-03
207             422         9.56008         2.48563    -233.405E-03
208             336        -10.0769        -2.61999    -233.405E-03
208             337        -10.5937        -2.75435    -233.405E-03
208             420         10.5936         2.75435    -233.404E-03
208             421         10.0768         2.61999    -233.405E-03
209             337        -10.5937        -2.75435    -233.405E-03
209             338        -11.1104        -2.88870    -233.405E-03
209             419         11.1104         2.88870    -233.404E-03
209             420         10.5936         2.75435    -233.404E-03
210             338        -11.1104        -2.88870    -233.405E-03
210             339        -11.6272        -3.02306    -233.404E-03
210             418         11.6271         3.02306    -233.404E-03
210             419         11.1104         2.88870    -233.404E-03
211             339        -11.6272        -3.02306    -233.404E-03
211             340        -12.1440        -3.15742    -233.404E-03
211             417         12.1439         3.15742    -233.405E-03
211             418         11.6271         3.02306    -233.404E-03
212             340        -12.1440        -3.15742    -233.404E-03
212             341        -12.6607        -3.29178    -233.404E-03
212             416         12.6607         3.29178    -233.405E-03
212             417         12.1439         3.15742    -233.405E-03
213             341        -12.6607        -3.29178    -233.404E-03
213             342        -13.1775        -3.42614    -233.405E-03
213             415         13.1774         3.42614    -233.405E-03
213             416         12.6607         3.29178    -233.405E-03
214             342        -13.1775        -3.42614    -233.405E-03
214             343        -13.6943        -3.56050    -233.405E-03
214             414         13.6942         3.56050    -233.405E-03
214             415         13.1774         3.42614    -233.405E-03
215             343        -13.6943        -3.56050    -233.405E-03
215             344        -14.2110        -3.69486    -233.404E-03
215             413         14.2109         3.69486    -233.404E-03
215             414         13.6942         3.56050    -233.405E-03
216             344        -14.2110        -3.69486    -233.404E-03
216             345        -14.7278        -3.82921    -233.405E-03
216             412         14.7277         3.82921    -233.404E-03
216             413         14.2109         3.69486    -233.404E-03
217             345        -14.7278        -3.82921    -233.405E-03
217             346        -15.2445        -3.96357    -233.403E-03
217             411         15.2445         3.96357    -233.404E-03
217             412         14.7277         3.82921    -233.404E-03
218             346        -15.2445        -3.96357    -233.403E-03
218             347        -15.7613        -4.09793    -233.405E-03
218             410         15.7612         4.09793    -233.404E-03
218             411         15.2445         3.96357    -233.404E-03
219             347        -15.7613        -4.09793    -233.405E-03
219             348        -16.2781        -4.23229    -233.403E-03
219             409         16.2780         4.23229    -233.404E-03
219             410         15.7612         4.09793    -233.404E-03
220             348        -16.2781        -4.23229    -233.403E-03
220             349        -16.7948        -4.36665    -233.404E-03
220             408         16.7948         4.36665    -233.404E-03
220             409         16.2780         4.23229    -233.404E-03
221             349        -16.7948        -4.36665    -233.404E-03
221             350        -17.3116        -4.50101    -233.404E-03
221             407         17.3115         4.50101    -233.404E-03
221             408         16.7948         4.36665    -233.404E-03
222             350        -17.3116        -4.50101    -233.404E-03
222             351        -17.8284        -4.63536    -233.406E-03
222             406         17.8283         4.63536    -233.402E-03
222             407         17.3115         4.50101    -233.404E-03
223             351        -17.8284        -4.63536    -233.406E-03
223             352        -18.3451        -4.76972    -233.404E-03
223             405         18.3450         4.76972    -233.404E-03
223             406         17.8283         4.63536    -233.402E-03
224             352        -18.3451        -4.76972    -233.404E-03
224             353        -18.8619        -4.90408    -233.404E-03
224             404         18.8618         4.90408    -233.405E-03
224             405         18.3450         4.76972    -233.404E-03
225             353        -18.8619        -4.90408    -233.404E-03
225             354        -19.3787        -5.03844    -233.406E-03
225             403         19.3786         5.03844    -233.407E-03
225             404         18.8618         4.90408    -233.405E-03
226             354        -19.3787        -5.03844    -233.406E-03
226             355        -19.8954        -5.17280    -233.405E-03
226             402         19.8953         5.17280    -233.405E-03
226             403         19.3786         5.03844    -233.407E-03
227             355        -19.8954        -5.17280    -233.405E-03
227             356        -20.4122        -5.30716    -233.406E-03
227             401         20.4121         5.30716    -233.405E-03
227             402         19.8953         5.17280    -233.405E-03
228             356        -20.4122        -5.30716    -233.406E-03
228             357        -20.9289        -5.44151    -233.406E-03
228             400         20.9289         5.44151    -233.405E-03
228             401         20.4121         5.30716    -233.405E-03
229             357        -20.9289        -5.44151    -233.406E-03
229             358        -21.4457        -5.57587    -233.406E-03
229             399         21.4456         5.57587    -233.405E-03
229             400         20.9289         5.44151    -233.405E-03
230             358        -21.4457        -5.57587    -233.406E-03
230             359        -21.9625        -5.71023    -233.404E-03
230             398         21.9624         5.71023    -233.402E-03
230             399         21.4456         5.57587    -233.405E-03
231             359        -21.9625        -5.71023    -233.404E-03
231             360        -22.4792        -5.84459    -233.404E-03
231             397         22.4792         5.84459    -233.402E-03
231             398         21.9624         5.71023    -233.402E-03
232             360        -22.4792        -5.84459    -233.404E-03
232             361        -22.9960        -5.97895    -233.404E-03
232             396         22.9959         5.97895    -233.404E-03
232             397         22.4792         5.84459    -233.402E-03
233             361        -22.9960        -5.97895    -233.404E-03
233             362        -23.5128        -6.11331    -233.404E-03
233             395         23.5127         6.11331    -233.404E-03
233             396         22.9959         5.97895    -233.404E-03
234             362        -23.5128        -6.11331    -233.404E-03
234             363        -24.0295        -6.24766    -233.404E-03
234             394         24.0294         6.24766    -233.404E-03
234             395         23.5127         6.11331    -233.404E-03
235             363        -24.0295        -6.24766    -233.404E-03
235             364        -24.5463        -6.38202         36.0950
235             393         24.5462         6.38202         36.0950
235             394         24.0294         6.24766    -233.404E-03
236             364        -24.5463        -6.38202        -36.5618
236             365        -25.0630        -6.51638         36.8598
236             392         25.0630         6.51638         36.8598
236             393         24.5462         6.38202        -36.5618
237             365        -25.0630        -6.51638        -37.3266
237             366        -25.5798        -6.65074         37.6246
237             391         25.5797         6.65074         37.6246
237             392         25.0630         6.51638        -37.3266
238             366        -25.5798        -6.65074        -38.0915
238             367        -26.0966        -6.78510         38.3895
238             390         26.0965         6.78510         38.3895
238             391         25.5797         6.65074        -38.0915
239             367        -26.0966        -6.78510        -38.8563
239             368        -26.6133        -6.91946         39.1543
239             389         26.6133         6.91946         39.1543
239             390         26.0965         6.78510        -38.8563
240             368        -26.6133        -6.91946        -39.6211
240             369        -27.1301        -7.05381         39.9191
240             388         27.1300         7.05381         39.9191
240             389         26.6133         6.91946        -39.6211
241             369        -27.1301        -7.05381        -40.3859
241             370        -27.6469        -7.18817         40.6839
241             387         27.6468         7.18817         40.6839
241             388         27.1300         7.05381        -40.3859
242             370        -27.6469        -7.18817        -41.1507
242             371        -28.1636        -7.32253         41.4487
242             386         28.1635         7.32253         41.4487
242             387         27.6468         7.18817        -41.1507
243             371        -28.1636        -7.32253        -41.9155
243             372        -28.6804        -7.45689         42.2135
243             385         28.6803         7.45689         42.2135
243             386         28.1635         7.32253        -41.9155
244             372        -28.6804        -7.45689        -42.6803
244             373        -29.1971        -7.59125         42.9783
244             384         29.1971         7.59125         42.9783
244             385         28.6803         7.45689        -42.6803
245             373        -29.1971        -7.59125        -43.4451
245             374        -29.7139        -7.72561         43.7431
245             383         29.7138         7.72561         43.7431
245             384         29.1971         7.59125        -43.4451
246             374        -29.7139        -7.72561        -44.2099
246             375        -30.2307        -7.85996         44.5079
246             382         30.2306         7.85996         44.5079
246             383         29.7138         7.72561        -44.2099
247             375        -30.2307        -7.85996        -44.9747
247             376        -30.7474        -7.99432         45.2727
247             381         30.7474         7.99432         45.2727
247             382         30.2306         7.85996        -44.9747
248             376        -30.7474        -7.99432        -45.7395
248             377        -31.2642        -8.12868         46.0375
248             380         31.2641         8.12868         46.0375
248             381         30.7474         7.99432        -45.7396
249             377        -31.2642        -8.12868        -46.5044
249             378        -31.7810        -8.26304         46.8024
249             379         31.7809         8.26304         46.8024
249             380         31.2641         8.12868        -46.5044
250               5        -32.0393        -8.33023         47.5672
250               6         32.0393         8.33021         47.5672
250             378        -31.7810        -8.26304        -47.2692
250             379         31.7809         8.26304        -47.2692